<?xml version="1.0" encoding="UTF-8"?>
<testsuite name="FE_Tests.AddItemsToCartTest" tests="1" skipped="0" failures="0" errors="0" timestamp="2025-10-28T20:06:04" hostname="SW107" time="3.347">
  <properties/>
  <testcase name="AddItemsToCart()" classname="FE_Tests.AddItemsToCartTest" time="3.347"/>
  <system-out><![CDATA[]]></system-out>
  <system-err><![CDATA[okt 28, 2025 9:06:05 PM org.openqa.selenium.devtools.CdpVersionFinder findNearestMatch
WARNING: Unable to find an exact match for CDP version 141, returning the closest version; found: 140; Please update to a Selenium version that supports CDP version 141
]]></system-err>
</testsuite>
